<?xml version="1.0" encoding="UTF-8"?>
<!-- Generated by org.testng.reporters.JUnitXMLReporter -->
<testsuite hostname="Gagan" ignored="0" name="Default test" tests="3" failures="0" timestamp="02 May 2021 14:24:59 GMT" time="31.793" errors="0">
  <testcase name="verify_ohm_title" time="0.044" classname="Tests.JenkinsTest"/>
  <testcase name="verify_ohm_Logo" time="0.122" classname="Tests.JenkinsTest"/>
  <testcase name="verify_ohm_login_header" time="0.084" classname="Tests.JenkinsTest"/>
</testsuite> <!-- Default test -->
