<?xml version="1.0" encoding="UTF-8"?>
<testng-results skipped="0" failed="0" ignored="0" total="3" passed="3">
  <reporter-output>
  </reporter-output>
  <suite name="Suite" duration-ms="7752" started-at="2021-05-02T14:26:48Z" finished-at="2021-05-02T14:26:56Z">
    <groups>
    </groups>
    <test name="Test" duration-ms="7752" started-at="2021-05-02T14:26:48Z" finished-at="2021-05-02T14:26:56Z">
      <class name="Tests.JenkinsTest">
        <test-method status="PASS" signature="test()[pri:0, instance:Tests.JenkinsTest@685cb137]" name="test" is-config="true" duration-ms="6941" started-at="2021-05-02T14:26:48Z" finished-at="2021-05-02T14:26:55Z">
          <reporter-output>
          </reporter-output>
        </test-method> <!-- test -->
        <test-method status="PASS" signature="verify_ohm_title()[pri:1, instance:Tests.JenkinsTest@685cb137]" name="verify_ohm_title" duration-ms="11" started-at="2021-05-02T14:26:55Z" finished-at="2021-05-02T14:26:55Z">
          <reporter-output>
          </reporter-output>
        </test-method> <!-- verify_ohm_title -->
        <test-method status="PASS" signature="verify_ohm_Logo()[pri:2, instance:Tests.JenkinsTest@685cb137]" name="verify_ohm_Logo" duration-ms="58" started-at="2021-05-02T14:26:55Z" finished-at="2021-05-02T14:26:55Z">
          <reporter-output>
          </reporter-output>
        </test-method> <!-- verify_ohm_Logo -->
        <test-method status="PASS" signature="verify_ohm_login_header()[pri:3, instance:Tests.JenkinsTest@685cb137]" name="verify_ohm_login_header" duration-ms="24" started-at="2021-05-02T14:26:55Z" finished-at="2021-05-02T14:26:56Z">
          <reporter-output>
          </reporter-output>
        </test-method> <!-- verify_ohm_login_header -->
        <test-method status="PASS" signature="teardown()[pri:0, instance:Tests.JenkinsTest@685cb137]" name="teardown" is-config="true" duration-ms="694" started-at="2021-05-02T14:26:56Z" finished-at="2021-05-02T14:26:56Z">
          <reporter-output>
          </reporter-output>
        </test-method> <!-- teardown -->
      </class> <!-- Tests.JenkinsTest -->
    </test> <!-- Test -->
  </suite> <!-- Suite -->
</testng-results>
